Sep 23, 2015 1:10:42 PM simpledb.buffer.BufferMgr <init>
INFO: Using Clock replacement policy
Sep 23, 2015 1:10:42 PM simpledb.server.SimpleDB init
INFO: Creating new database
Sep 23, 2015 1:10:42 PM simpledb.buffer.ClockBufferMgr chooseUnpinnedBuffer
INFO: Number available: 2
Sep 23, 2015 1:10:42 PM simpledb.buffer.ClockBufferMgr chooseUnpinnedBuffer
INFO: Number available: 2
Sep 23, 2015 1:10:42 PM simpledb.buffer.ClockBufferMgr chooseUnpinnedBuffer
INFO: Number available: 1
Sep 23, 2015 1:10:42 PM simpledb.buffer.ClockBufferMgr chooseUnpinnedBuffer
INFO: Number available: 1
Sep 23, 2015 1:10:52 PM simpledb.buffer.ClockBufferMgr chooseUnpinnedBuffer
INFO: Number available: 1
Sep 23, 2015 1:10:52 PM simpledb.buffer.ClockBufferMgr chooseUnpinnedBuffer
INFO: Number available: 2
Sep 23, 2015 1:10:52 PM simpledb.buffer.ClockBufferMgr chooseUnpinnedBuffer
INFO: Number available: 2
Sep 23, 2015 1:10:52 PM simpledb.buffer.ClockBufferMgr chooseUnpinnedBuffer
INFO: Number available: 2
Sep 23, 2015 1:10:52 PM simpledb.buffer.ClockBufferMgr chooseUnpinnedBuffer
INFO: Number available: 1
Sep 23, 2015 1:10:52 PM simpledb.buffer.ClockBufferMgr chooseUnpinnedBuffer
INFO: Number available: 2
Sep 23, 2015 1:10:52 PM simpledb.buffer.ClockBufferMgr chooseUnpinnedBuffer
INFO: Number available: 1
Sep 23, 2015 1:10:52 PM simpledb.buffer.ClockBufferMgr chooseUnpinnedBuffer
INFO: Number available: 2
Sep 23, 2015 1:13:14 PM simpledb.buffer.ClockBufferMgr chooseUnpinnedBuffer
INFO: Number available: 1
Sep 23, 2015 1:13:14 PM simpledb.buffer.ClockBufferMgr chooseUnpinnedBuffer
INFO: Number available: 1
Sep 23, 2015 1:13:14 PM simpledb.buffer.ClockBufferMgr chooseUnpinnedBuffer
INFO: Number available: 1
Sep 23, 2015 1:13:14 PM simpledb.buffer.ClockBufferMgr chooseUnpinnedBuffer
INFO: Number available: 1
Sep 23, 2015 1:18:59 PM simpledb.buffer.ClockBufferMgr chooseUnpinnedBuffer
INFO: Number available: 1
Sep 23, 2015 1:18:59 PM simpledb.buffer.ClockBufferMgr chooseUnpinnedBuffer
INFO: Number available: 1
Sep 23, 2015 1:18:59 PM simpledb.buffer.ClockBufferMgr chooseUnpinnedBuffer
INFO: Number available: 1
Sep 23, 2015 1:18:59 PM simpledb.buffer.ClockBufferMgr chooseUnpinnedBuffer
INFO: Number available: 1
Sep 23, 2015 1:19:00 PM simpledb.buffer.ClockBufferMgr chooseUnpinnedBuffer
INFO: Number available: 1
Sep 23, 2015 1:19:00 PM simpledb.buffer.ClockBufferMgr chooseUnpinnedBuffer
INFO: Number available: 1
